<?xml version="1.0" encoding="UTF-8"?>
<testsuite xmlns:xs="http://www.w3.org/2001/XMLSchema"
           xmlns:fo="http://www.w3.org/1999/XSL/Format"
           xmlns:fn="http://www.w3.org/2005/xpath-functions"
           xmlns:xdt="http://www.w3.org/2005/xpath-datatypes" name="TC12-testProjectSuite" tests="8" failures="2" skipped="0" timestamp="2017-01-11T11:26:28.438" time="0">
<testcase classname="TC12-testProjectSuite.JenkinsTC12.Script Test Log [Unit1\ST1]" name="Test Log" time="0">
<system-out><![CDATA[
[2017-01-11T11:26:28.611] ** Message ** Informative message
]]></system-out>
<system-err/>
</testcase>
<testcase classname="TC12-testProjectSuite.JenkinsTC12.Script Test Log [Unit1\ST3]" name="Test Log" time="0">
<failure message="Error message"></failure>
<system-out><![CDATA[
[2017-01-11T11:26:28.631] ** Error ** Error message

Call Stack:
    14: Unit1.ST3

]]></system-out>
<system-err/>
</testcase>
<testcase classname="TC12-testProjectSuite.JenkinsTC12.Script Test Log [Unit1\ST2]" name="Test Log" time="0">
<system-out><![CDATA[
[2017-01-11T11:26:28.622] ** Warning ** Warning message
]]></system-out>
<system-err/>
</testcase>
<testcase classname="TC12-testProjectSuite.JenkinsTC12.Script Test Log [Unit1\ST4]" name="Test Log" time="0">
<system-out><![CDATA[
[2017-01-11T11:26:28.640] ** Event ** Event Message
]]></system-out>
<system-err/>
</testcase>
<testcase classname="TC12-testProjectSuite.JenkinsTC12.Keyword Test Log [KT4]" name="Test Log" time="0">
<system-out><![CDATA[
[2017-01-11T11:26:28.092] ** Event ** Event Message
]]></system-out>
<system-err/>
</testcase>
<testcase classname="TC12-testProjectSuite.JenkinsTC12.Keyword Test Log [KT3]" name="Test Log" time="0">
<failure message="Error message"></failure>
<system-out><![CDATA[
[2017-01-11T11:26:28.035] ** Error ** Error message

Call Stack:
    1: KT3()

]]></system-out>
<system-err/>
</testcase>
<testcase classname="TC12-testProjectSuite.JenkinsTC12.Keyword Test Log [KT2]" name="Test Log" time="0">
<system-out><![CDATA[
[2017-01-11T11:26:27.979] ** Warning ** Warning message

]]></system-out>
<system-err/>
</testcase>
<testcase classname="TC12-testProjectSuite.JenkinsTC12.Keyword Test Log [KT1]" name="Test Log" time="0">
<system-out><![CDATA[
[2017-01-11T11:26:27.923] ** Message ** Informative message

]]></system-out>
<system-err/>
</testcase>
</testsuite>
